2016-10-03 11:53:39,418 [1] INFO  Photon.LoadBalancing.MasterServer.MasterApplication - TokenCreator intialized with an expiration of 02:46:40
2016-10-03 11:53:39,437 [1] INFO  Photon.SocketServer.Diagnostics.HttpQueuePerformanceCounters - User has no Admin rights. HttpQueuePerformanceCounters initialization skipped
2016-10-03 11:53:39,440 [1] INFO  Photon.Common.Authentication.Diagnostic.CustomAuthResultCounters - Start to initialize Photon: Custom Authentication Results performance counters
2016-10-03 11:53:39,442 [1] INFO  Photon.Common.Authentication.Diagnostic.CustomAuthResultCounters - User has no Admin rights. CustomAuthResultCounters initialization skipped
2016-10-03 11:53:39,454 [1] INFO  Photon.Common.LoadBalancer.LoadBalancer`1 - Initialized Load Balancer from configuration file: C:\Users\Jared\Documents\rage\it-alert\Server\src-server\LoadBalancing\LoadBalancer.config
2016-10-03 11:53:39,490 [1] INFO  Photon.LoadBalancing.MasterServer.GameApplication - TokenCreator intialized with an expiration of 02:46:40
2016-10-03 11:53:39,500 [1] INFO  Photon.LoadBalancing.MasterServer.GameApplication - Plugin configured: name=PlayGen.ITAlert.PhotonPlugins
2016-10-03 11:53:39,502 [1] INFO  Photon.LoadBalancing.MasterServer.GameApplication - 	Attribute: BaseUrl=http://photon-forward.webscript.io
2016-10-03 11:53:39,504 [1] INFO  Photon.LoadBalancing.MasterServer.GameApplication - 	Attribute: IsPersistent=true
2016-10-03 11:53:39,506 [1] INFO  Photon.LoadBalancing.MasterServer.GameApplication - 	Attribute: HasErrorInfo=true
2016-10-03 11:53:39,508 [1] INFO  Photon.LoadBalancing.MasterServer.GameApplication - 	Attribute: PathClose=GameClose
2016-10-03 11:53:39,510 [1] INFO  Photon.LoadBalancing.MasterServer.GameApplication - 	Attribute: PathCreate=GameCreate
2016-10-03 11:53:39,511 [1] INFO  Photon.LoadBalancing.MasterServer.GameApplication - 	Attribute: PathEvent=GameEvent
2016-10-03 11:53:39,513 [1] INFO  Photon.LoadBalancing.MasterServer.GameApplication - 	Attribute: PathGameProperties=GameProperties
2016-10-03 11:53:39,515 [1] INFO  Photon.LoadBalancing.MasterServer.GameApplication - 	Attribute: PathJoin=GameJoin
2016-10-03 11:53:39,517 [1] INFO  Photon.LoadBalancing.MasterServer.GameApplication - 	Attribute: PathLeave=GameLeave
2016-10-03 11:53:39,519 [1] INFO  Photon.LoadBalancing.MasterServer.GameApplication - 	Attribute: PathLoad=GameCreate
2016-10-03 11:53:39,555 [1] INFO  Photon.LoadBalancing.MasterServer.GameApplication - Application {Default}/{Default} starts without Redis
2016-10-03 11:53:39,602 [1] INFO  Photon.LoadBalancing.Common.NodesReader - Import nodes
2016-10-03 11:53:39,604 [1] WARN  Photon.LoadBalancing.Common.NodesReader - C:\Users\Jared\Documents\rage\it-alert\Server\src-server\LoadBalancing\Nodes.txt does not exist, CurrentNodeId = 0
2016-10-03 11:53:39,605 [1] INFO  Photon.LoadBalancing.Common.NodesReader - Watching C:\Users\Jared\Documents\rage\it-alert\Server\src-server\LoadBalancing\Nodes.txt
2016-10-03 11:53:39,608 [1] INFO  Photon.LoadBalancing.MasterServer.MasterApplication - Current Node (nodeId=0) is the active master (leader)
2016-10-03 11:53:39,610 [1] INFO  Photon.SocketServer.ApplicationBase - Application start: AppId=Master; AppPath=C:\Users\Jared\Documents\rage\it-alert\Server\src-server\LoadBalancing\LoadBalancing, Type=Photon.LoadBalancing.MasterServer.MasterApplication 
2016-10-03 11:53:39,634 [1] INFO  Photon.SocketServer.Diagnostics.CounterPublisher - CounterPublisher started publishing ExitGames.Diagnostics.Monitoring.CounterSamplePublisher to ExitGames.Diagnostics.Monitoring.CounterSampleSender
2016-10-03 11:53:39,650 [12] INFO  Photon.LoadBalancing.MasterServer.GameServer.IncomingGameServerPeer - game server connection from 127.0.0.1:62644 established (id=2)
2016-10-03 11:53:39,706 [11] WARN  Photon.LoadBalancing.Common.NodesReader - Internal address for node 0 unknown; using loop back
2016-10-03 11:53:39,708 [11] INFO  Photon.LoadBalancing.Common.NodesReader - Node added: 0 = 127.0.0.1
2016-10-03 12:04:53,116 [1] INFO  Photon.LoadBalancing.MasterServer.MasterApplication - TokenCreator intialized with an expiration of 02:46:40
2016-10-03 12:04:53,134 [1] INFO  Photon.SocketServer.Diagnostics.HttpQueuePerformanceCounters - User has no Admin rights. HttpQueuePerformanceCounters initialization skipped
2016-10-03 12:04:53,137 [1] INFO  Photon.Common.Authentication.Diagnostic.CustomAuthResultCounters - Start to initialize Photon: Custom Authentication Results performance counters
2016-10-03 12:04:53,139 [1] INFO  Photon.Common.Authentication.Diagnostic.CustomAuthResultCounters - User has no Admin rights. CustomAuthResultCounters initialization skipped
2016-10-03 12:04:53,151 [1] INFO  Photon.Common.LoadBalancer.LoadBalancer`1 - Initialized Load Balancer from configuration file: C:\Users\Jared\Documents\rage\it-alert\Server\src-server\LoadBalancing\LoadBalancer.config
2016-10-03 12:04:53,180 [1] INFO  Photon.LoadBalancing.MasterServer.GameApplication - TokenCreator intialized with an expiration of 02:46:40
2016-10-03 12:04:53,191 [1] INFO  Photon.LoadBalancing.MasterServer.GameApplication - Plugin configured: name=PlayGen.ITAlert.PhotonPlugins
2016-10-03 12:04:53,193 [1] INFO  Photon.LoadBalancing.MasterServer.GameApplication - 	Attribute: BaseUrl=http://photon-forward.webscript.io
2016-10-03 12:04:53,195 [1] INFO  Photon.LoadBalancing.MasterServer.GameApplication - 	Attribute: IsPersistent=true
2016-10-03 12:04:53,196 [1] INFO  Photon.LoadBalancing.MasterServer.GameApplication - 	Attribute: HasErrorInfo=true
2016-10-03 12:04:53,198 [1] INFO  Photon.LoadBalancing.MasterServer.GameApplication - 	Attribute: PathClose=GameClose
2016-10-03 12:04:53,200 [1] INFO  Photon.LoadBalancing.MasterServer.GameApplication - 	Attribute: PathCreate=GameCreate
2016-10-03 12:04:53,202 [1] INFO  Photon.LoadBalancing.MasterServer.GameApplication - 	Attribute: PathEvent=GameEvent
2016-10-03 12:04:53,203 [1] INFO  Photon.LoadBalancing.MasterServer.GameApplication - 	Attribute: PathGameProperties=GameProperties
2016-10-03 12:04:53,205 [1] INFO  Photon.LoadBalancing.MasterServer.GameApplication - 	Attribute: PathJoin=GameJoin
2016-10-03 12:04:53,207 [1] INFO  Photon.LoadBalancing.MasterServer.GameApplication - 	Attribute: PathLeave=GameLeave
2016-10-03 12:04:53,208 [1] INFO  Photon.LoadBalancing.MasterServer.GameApplication - 	Attribute: PathLoad=GameCreate
2016-10-03 12:04:53,235 [1] INFO  Photon.LoadBalancing.MasterServer.GameApplication - Application {Default}/{Default} starts without Redis
2016-10-03 12:04:53,277 [1] INFO  Photon.LoadBalancing.Common.NodesReader - Import nodes
2016-10-03 12:04:53,279 [1] WARN  Photon.LoadBalancing.Common.NodesReader - C:\Users\Jared\Documents\rage\it-alert\Server\src-server\LoadBalancing\Nodes.txt does not exist, CurrentNodeId = 0
2016-10-03 12:04:53,281 [1] INFO  Photon.LoadBalancing.Common.NodesReader - Watching C:\Users\Jared\Documents\rage\it-alert\Server\src-server\LoadBalancing\Nodes.txt
2016-10-03 12:04:53,283 [1] INFO  Photon.LoadBalancing.MasterServer.MasterApplication - Current Node (nodeId=0) is the active master (leader)
2016-10-03 12:04:53,285 [1] INFO  Photon.SocketServer.ApplicationBase - Application start: AppId=Master; AppPath=C:\Users\Jared\Documents\rage\it-alert\Server\src-server\LoadBalancing\LoadBalancing, Type=Photon.LoadBalancing.MasterServer.MasterApplication 
2016-10-03 12:04:53,314 [1] INFO  Photon.SocketServer.Diagnostics.CounterPublisher - CounterPublisher started publishing ExitGames.Diagnostics.Monitoring.CounterSamplePublisher to ExitGames.Diagnostics.Monitoring.CounterSampleSender
2016-10-03 12:04:53,332 [11] INFO  Photon.LoadBalancing.MasterServer.GameServer.IncomingGameServerPeer - game server connection from 127.0.0.1:49696 established (id=2)
2016-10-03 12:04:53,387 [12] WARN  Photon.LoadBalancing.Common.NodesReader - Internal address for node 0 unknown; using loop back
2016-10-03 12:04:53,389 [12] INFO  Photon.LoadBalancing.Common.NodesReader - Node added: 0 = 127.0.0.1
