23232: 11:53:30.891 - ---
23232: 11:53:30.891 - Service: "Photon Socket Server" starting
23232: 11:53:30.892 - Config File: C:\Users\Jared\Documents\rage\it-alert\Server\src-server\Loadbalancing\PhotonServer.LoadBalancing-Development.config
23232: 11:53:30.896 - Will produce at most: 10 crash dumps
23232: 11:53:30.897 - Action: run as exe
23232: 11:53:30.898 - Server Starting...
23232: 11:53:30.898 -    Tick count: 525126531 (wraps in: 43.6324 days)
23232: 11:53:30.898 - Tick count 64: 525126531
23232: 11:53:30.898 - Photon Version: 4.1.28.2936
23232: 11:53:30.898 - PID: 12272
23232: 11:53:30.898 - Config File: C:\Users\Jared\Documents\rage\it-alert\Server\src-server\Loadbalancing\PhotonServer.LoadBalancing-Development.config
23232: 11:53:30.899 - Will NOT log unimportant exceptions
23232: 11:53:30.900 - Performance counters NOT enabled, user must have SE_CREATE_GLOBAL_NAME privilege
23232: 11:53:30.901 - Shutdown timeout enabled: 30000ms
23232: 11:53:30.902 - Starting I/O thread pool with 2 threads
23232: 11:53:30.903 - Using Standard allocator
23232: 11:53:30.903 - Max message size: 512000
23232: 11:53:30.903 - Starting business logic thread pool with the following settings
23232: 11:53:30.903 - InitialThreads: 4 threads
23232: 11:53:30.903 - MinThreads: 4 threads
23232: 11:53:30.903 - Thread pool is fixed size
23232: 11:53:30.905 - Starting ENet thread pool with the following settings
23232: 11:53:30.905 - InitialThreads: 2 threads
23232: 11:53:30.905 - MinThreads: 2 threads
23232: 11:53:30.905 - Thread pool is fixed size
23232: 11:53:30.905 - OnlyDispatchTimers: False
23232: 11:53:30.906 - S2S: flow control: Max pending writes: 50
23232: 11:53:30.906 - S2S: flow control: Max queued buffers: 200
23232: 11:53:30.906 - S2S: flow control: Max pending writes MUX: 500
23232: 11:53:30.906 - S2S: flow control: Max queued buffers MUX: 2000
23232: 11:53:30.906 - S2S: MaxInboundMessageSize: 512000
23232: 11:53:30.906 - S2S: MaxOutboundMessageSize: 512000
23232: 11:53:30.906 - S2S: No inactivity timeout
23232: 11:53:30.920 - WebSocket S2S: MaxInboundMessageSize: 512000
23232: 11:53:30.920 - WebSocket S2S: MaxOutboundMessageSize: 512000
23232: 11:53:30.920 - WebSocket S2S: No inactivity timeout
23232: 11:53:30.920 - Max Reliable Data In Transit (awaiting ACKs) per peer : 51200 bytes
23232: 11:53:30.920 - Per peer bandwidth limit
23232: 11:53:30.920 - Transmit Rate Limit: 256 KB/Sec
23232: 11:53:30.920 - Limit period: 200ms
23232: 11:53:30.920 - Limit per period: 52428 bytes
23232: 11:53:30.920 - Max queued data for transmission per peer: 512000 bytes
23232: 11:53:30.920 - Minimum retransmit timeout: 200
23232: 11:53:30.920 - No Maximum retransmit timeout
23232: 11:53:30.920 - Minimum ENet timeout: 5000ms
23232: 11:53:30.920 - Maximum ENet timeout: 30000ms
23232: 11:53:30.920 - Max Inbound Reliable Data Queued (awaiting resends of earlier sequence numbers) per peer : 163840 bytes
23232: 11:53:30.920 - No RTT ACK adjustment timeout
23232: 11:53:30.920 - Outbound ENet: MaxInboundMessageSize: 512000
23232: 11:53:30.920 - Outbound ENet: MaxOutboundMessageSize: 512000
23232: 11:53:30.926 - GetRuntime - About to load CLR - versions available:
23232: 11:53:30.926 - v2.0.50727
23232: 11:53:30.926 - v4.0.30319
23232: 11:53:30.926 - Configuration requests: "v2.0.50727"
23232: 11:53:30.926 - About to load version: "v2.0.50727"
23232: 11:53:30.965 - About to load runtime: PhotonHostRuntime.PhotonDomainManager from PhotonHostRuntime, Culture=neutral, PublicKeyToken=02C301B61B060C4D
23232: 11:53:30.965 - CLRBaseDirectory set to "C:\Users\Jared\Documents\rage\it-alert\Server\src-server"
23232: 11:53:30.965 - Optimising event broadcast for 20 or more peers
23232: 11:53:30.967 - Start: About to load CLR - versions available:
23232: 11:53:30.967 - v2.0.50727
23232: 11:53:30.967 - v4.0.30319
23232: 11:53:30.967 - Configuration requests: "v4.0"
23232: 11:53:30.967 - About to load version: "v4.0"
23232: 11:53:30.970 - Loaded version: "v4.0.30319"
23232: 11:53:32.262 - Photon host runtime loaded
23232: 11:53:36.139 - LICENSE: No license file was found. Starting with Bootstrap License.
23232: 11:53:36.139 - License is valid.
23232: 11:53:36.139 - Licensed for 20 concurrent connections.
23232: 11:53:36.139 - ENet: Max Reliable Data In Transit (awaiting ACKs) per peer : 51200 bytes
23232: 11:53:36.139 - ENet: Per peer bandwidth limit
23232: 11:53:36.139 - ENet: Transmit Rate Limit: 256 KB/Sec
23232: 11:53:36.139 - ENet: Limit period: 200ms
23232: 11:53:36.139 - ENet: Limit per period: 52428 bytes
23232: 11:53:36.139 - ENet: Max queued data for transmission per peer: 512000 bytes
23232: 11:53:36.139 - ENet: Minimum retransmit timeout: 200
23232: 11:53:36.139 - No Maximum retransmit timeout
23232: 11:53:36.139 - ENet: Minimum timeout: 5000ms
23232: 11:53:36.139 - ENet: Maximum timeout: 30000ms
23232: 11:53:36.139 - ENet: Max Inbound Reliable Data Queued (awaiting resends of earlier sequence numbers) per peer : 163840 bytes
23232: 11:53:36.139 - No RTT ACK adjustment timeout
23232: 11:53:36.139 - About to load application: Master from Photon.LoadBalancing
23232: 11:53:36.139 - Application Root Directory: "LoadBalancing"
23232: 11:53:36.139 - Auto restart is enabled for application, existing connections will be terminated during restart
23232: 11:53:36.139 - Application will restart 1000ms after the last change detected
23232: 11:53:36.139 - Application will restart if files matching the following are changed: "dll;config"
23232: 11:53:36.139 - Application will NOT restart if files matching the following are changed: "log4net.config"
23232: 11:53:36.145 - *******************************************************************************************************************************
23232: 11:53:36.145 -  Using CustomAssemblyLoader:
23232: 11:53:36.145 -    PhotonSocketServer.exe is not located in the sub-dir-tree of the configured CLRbaseDirectory 'C:\Users\Jared\Documents\rage\it-alert\Server\src-server'.
23232: 11:53:36.145 -    Setting CLRbaseDirectory to 'C:\Users\Jared\Documents\rage\it-alert\Server\deploy\bin_Win32'
23232: 11:53:36.145 -    WARNING: Your Application logs might be found beside the Photon logs - to fix this check the log4net samples in the demos.
23232: 11:53:36.145 -    WARNING: Code using AppDomain.CurrentDomain.BaseDirectory, should use ApplicationBase.ApplicationRootPath instead.
23232: 11:53:36.145 - *******************************************************************************************************************************
23232: 11:53:36.399 - Taking reference on default app domain
23232: 11:53:36.505 - Application: "Master" started in app domain: 2
23232: 11:53:36.505 - About to load application: Game from Photon.LoadBalancing
23232: 11:53:36.505 - Application Root Directory: "LoadBalancing"
23232: 11:53:36.505 - Auto restart is enabled for application, existing connections will be terminated during restart
23232: 11:53:36.505 - Application will restart 1000ms after the last change detected
23232: 11:53:36.505 - Application will restart if files matching the following are changed: "dll;config"
23232: 11:53:36.505 - Application will NOT restart if files matching the following are changed: "log4net.config"
23232: 11:53:36.508 - *******************************************************************************************************************************
23232: 11:53:36.508 -  Using CustomAssemblyLoader:
23232: 11:53:36.508 -    PhotonSocketServer.exe is not located in the sub-dir-tree of the configured CLRbaseDirectory 'C:\Users\Jared\Documents\rage\it-alert\Server\src-server'.
23232: 11:53:36.508 -    Setting CLRbaseDirectory to 'C:\Users\Jared\Documents\rage\it-alert\Server\deploy\bin_Win32'
23232: 11:53:36.508 -    WARNING: Your Application logs might be found beside the Photon logs - to fix this check the log4net samples in the demos.
23232: 11:53:36.508 -    WARNING: Code using AppDomain.CurrentDomain.BaseDirectory, should use ApplicationBase.ApplicationRootPath instead.
23232: 11:53:36.508 - *******************************************************************************************************************************
23232: 11:53:36.774 - Taking reference on default app domain
23232: 11:53:36.890 - Application: "Game" started in app domain: 3
23232: 11:53:36.890 - Adding TCP listener on: 0.0.0.0: 4530 with a listen backlog of: 150
23232: 11:53:36.890 - TCP inactivity timeout: 10000ms
23232: 11:53:36.890 - TCP disconnect timeout: 120000ms
23232: 11:53:36.890 - MaxInboundMessageSize: 512000
23232: 11:53:36.890 - MaxOutboundMessageSize: 512000
23232: 11:53:36.890 - Forcing all applications ids to: "Master"
23232: 11:53:36.891 - Serving policy file requests from: "C:\Users\Jared\Documents\rage\it-alert\Server\deploy\Policy\assets\socket-policy.xml"
23232: 11:53:36.891 - Adding TCP listener on: 0.0.0.0: 4531 with a listen backlog of: 150
23232: 11:53:36.891 - TCP inactivity timeout: 10000ms
23232: 11:53:36.891 - TCP disconnect timeout: 120000ms
23232: 11:53:36.891 - MaxInboundMessageSize: 512000
23232: 11:53:36.891 - MaxOutboundMessageSize: 512000
23232: 11:53:36.891 - Forcing all applications ids to: "Game"
23232: 11:53:36.892 - Serving policy file requests from: "C:\Users\Jared\Documents\rage\it-alert\Server\deploy\Policy\assets\socket-policy.xml"
23232: 11:53:36.892 - Adding TCP listener on: 0.0.0.0: 4520 with a listen backlog of: 150
23232: 11:53:36.892 - TCP inactivity timeout: 5000ms
23232: 11:53:36.892 - TCP disconnect timeout: 120000ms
23232: 11:53:36.892 - MaxInboundMessageSize: 512000
23232: 11:53:36.892 - MaxOutboundMessageSize: 512000
23232: 11:53:36.892 - Forcing all applications ids to: "Master"
23232: 11:53:36.892 - MaxInboundMessageSize: 512000
23232: 11:53:36.892 - MaxOutboundMessageSize: 512000
23232: 11:53:36.892 - UDP address specified as: "0.0.0.0" adding listener to each available IPv4 address
23232: 11:53:36.896 - Adding UDP listener on: 10.0.75.1: 5055 with a listen backlog of: 500
23232: 11:53:36.896 - Adding UDP listener on: 10.0.0.14: 5055 with a listen backlog of: 500
23232: 11:53:36.897 - Adding UDP listener on: 127.0.0.1: 5055 with a listen backlog of: 500
23232: 11:53:36.897 - Forcing all applications ids to: "Game"
23232: 11:53:36.897 - MaxInboundMessageSize: 512000
23232: 11:53:36.897 - MaxOutboundMessageSize: 512000
23232: 11:53:36.897 - UDP address specified as: "0.0.0.0" adding listener to each available IPv4 address
23232: 11:53:36.901 - Adding UDP listener on: 10.0.75.1: 5056 with a listen backlog of: 500
23232: 11:53:36.901 - Adding UDP listener on: 10.0.0.14: 5056 with a listen backlog of: 500
23232: 11:53:36.901 - Adding UDP listener on: 127.0.0.1: 5056 with a listen backlog of: 500
23232: 11:53:36.902 - Adding WebSocket TCP listener on: 0.0.0.0: 9090 with a listen backlog of: 150
23232: 11:53:36.902 - Nagle disabled
23232: 11:53:36.902 - TCP inactivity timeout: 10000ms
23232: 11:53:36.902 - MaxInboundMessageSize: 512000
23232: 11:53:36.902 - MaxOutboundMessageSize: 512000
23232: 11:53:36.902 - Forcing all applications ids to: "Master"
23232: 11:53:36.902 - Will accept ANY sub-protocols from the client
23232: 11:53:36.902 - No automatic WebSocket ping
23232: 11:53:36.902 - Adding WebSocket TCP listener on: 0.0.0.0: 9091 with a listen backlog of: 150
23232: 11:53:36.902 - Nagle disabled
23232: 11:53:36.902 - TCP inactivity timeout: 10000ms
23232: 11:53:36.902 - MaxInboundMessageSize: 512000
23232: 11:53:36.902 - MaxOutboundMessageSize: 512000
23232: 11:53:36.902 - Forcing all applications ids to: "Game"
23232: 11:53:36.902 - Will accept ANY sub-protocols from the client
23232: 11:53:36.902 - No automatic WebSocket ping
23232: 11:53:36.902 - Adding Policy File listener on: 0.0.0.0: 843 with a listen backlog of: 150 and serving Policy File: "C:\Users\Jared\Documents\rage\it-alert\Server\deploy\Policy\assets\socket-policy.xml"
23232: 11:53:36.902 - TCP inactivity timeout: 10000ms
23232: 11:53:36.903 - Adding Policy File listener on: 0.0.0.0: 943 with a listen backlog of: 150 and serving Policy File: "C:\Users\Jared\Documents\rage\it-alert\Server\deploy\Policy\assets\socket-policy-silverlight.xml"
23232: 11:53:36.903 - TCP inactivity timeout: 10000ms
23232: 11:53:37.128 - Service is running...
24540: 12:04:46.275 - ---
24540: 12:04:46.275 - Service: "Photon Socket Server" starting
24540: 12:04:46.275 - Config File: C:\Users\Jared\Documents\rage\it-alert\Server\src-server\Loadbalancing\PhotonServer.LoadBalancing-Development.config
24540: 12:04:46.279 - Will produce at most: 10 crash dumps
24540: 12:04:46.279 - Action: run as exe
24540: 12:04:46.289 - Server Starting...
24540: 12:04:46.289 -    Tick count: 525801921 (wraps in: 43.6246 days)
24540: 12:04:46.289 - Tick count 64: 525801921
24540: 12:04:46.291 - Photon Version: 4.1.28.2936
24540: 12:04:46.291 - PID: 8280
24540: 12:04:46.291 - Config File: C:\Users\Jared\Documents\rage\it-alert\Server\src-server\Loadbalancing\PhotonServer.LoadBalancing-Development.config
24540: 12:04:46.292 - Will NOT log unimportant exceptions
24540: 12:04:46.293 - Performance counters NOT enabled, user must have SE_CREATE_GLOBAL_NAME privilege
24540: 12:04:46.294 - Shutdown timeout enabled: 30000ms
24540: 12:04:46.295 - Starting I/O thread pool with 2 threads
24540: 12:04:46.300 - Using Standard allocator
24540: 12:04:46.300 - Max message size: 512000
24540: 12:04:46.300 - Starting business logic thread pool with the following settings
24540: 12:04:46.300 - InitialThreads: 4 threads
24540: 12:04:46.300 - MinThreads: 4 threads
24540: 12:04:46.300 - Thread pool is fixed size
24540: 12:04:46.331 - Starting ENet thread pool with the following settings
24540: 12:04:46.331 - InitialThreads: 2 threads
24540: 12:04:46.331 - MinThreads: 2 threads
24540: 12:04:46.331 - Thread pool is fixed size
24540: 12:04:46.331 - OnlyDispatchTimers: False
24540: 12:04:46.343 - S2S: flow control: Max pending writes: 50
24540: 12:04:46.343 - S2S: flow control: Max queued buffers: 200
24540: 12:04:46.343 - S2S: flow control: Max pending writes MUX: 500
24540: 12:04:46.343 - S2S: flow control: Max queued buffers MUX: 2000
24540: 12:04:46.343 - S2S: MaxInboundMessageSize: 512000
24540: 12:04:46.343 - S2S: MaxOutboundMessageSize: 512000
24540: 12:04:46.343 - S2S: No inactivity timeout
24540: 12:04:46.357 - WebSocket S2S: MaxInboundMessageSize: 512000
24540: 12:04:46.357 - WebSocket S2S: MaxOutboundMessageSize: 512000
24540: 12:04:46.357 - WebSocket S2S: No inactivity timeout
24540: 12:04:46.360 - Max Reliable Data In Transit (awaiting ACKs) per peer : 51200 bytes
24540: 12:04:46.360 - Per peer bandwidth limit
24540: 12:04:46.360 - Transmit Rate Limit: 256 KB/Sec
24540: 12:04:46.360 - Limit period: 200ms
24540: 12:04:46.360 - Limit per period: 52428 bytes
24540: 12:04:46.360 - Max queued data for transmission per peer: 512000 bytes
24540: 12:04:46.360 - Minimum retransmit timeout: 200
24540: 12:04:46.360 - No Maximum retransmit timeout
24540: 12:04:46.360 - Minimum ENet timeout: 5000ms
24540: 12:04:46.360 - Maximum ENet timeout: 30000ms
24540: 12:04:46.360 - Max Inbound Reliable Data Queued (awaiting resends of earlier sequence numbers) per peer : 163840 bytes
24540: 12:04:46.360 - No RTT ACK adjustment timeout
24540: 12:04:46.360 - Outbound ENet: MaxInboundMessageSize: 512000
24540: 12:04:46.360 - Outbound ENet: MaxOutboundMessageSize: 512000
24540: 12:04:46.376 - GetRuntime - About to load CLR - versions available:
24540: 12:04:46.376 - v2.0.50727
24540: 12:04:46.376 - v4.0.30319
24540: 12:04:46.376 - Configuration requests: "v2.0.50727"
24540: 12:04:46.376 - About to load version: "v2.0.50727"
24540: 12:04:46.439 - About to load runtime: PhotonHostRuntime.PhotonDomainManager from PhotonHostRuntime, Culture=neutral, PublicKeyToken=02C301B61B060C4D
24540: 12:04:46.439 - CLRBaseDirectory set to "C:\Users\Jared\Documents\rage\it-alert\Server\src-server"
24540: 12:04:46.439 - Optimising event broadcast for 20 or more peers
24540: 12:04:46.441 - Start: About to load CLR - versions available:
24540: 12:04:46.441 - v2.0.50727
24540: 12:04:46.441 - v4.0.30319
24540: 12:04:46.441 - Configuration requests: "v4.0"
24540: 12:04:46.441 - About to load version: "v4.0"
24540: 12:04:46.444 - Loaded version: "v4.0.30319"
24540: 12:04:47.502 - Photon host runtime loaded
24540: 12:04:49.552 - LICENSE: No license file was found. Starting with Bootstrap License.
24540: 12:04:49.552 - License is valid.
24540: 12:04:49.552 - Licensed for 20 concurrent connections.
24540: 12:04:49.552 - ENet: Max Reliable Data In Transit (awaiting ACKs) per peer : 51200 bytes
24540: 12:04:49.552 - ENet: Per peer bandwidth limit
24540: 12:04:49.552 - ENet: Transmit Rate Limit: 256 KB/Sec
24540: 12:04:49.552 - ENet: Limit period: 200ms
24540: 12:04:49.552 - ENet: Limit per period: 52428 bytes
24540: 12:04:49.552 - ENet: Max queued data for transmission per peer: 512000 bytes
24540: 12:04:49.552 - ENet: Minimum retransmit timeout: 200
24540: 12:04:49.552 - No Maximum retransmit timeout
24540: 12:04:49.552 - ENet: Minimum timeout: 5000ms
24540: 12:04:49.552 - ENet: Maximum timeout: 30000ms
24540: 12:04:49.552 - ENet: Max Inbound Reliable Data Queued (awaiting resends of earlier sequence numbers) per peer : 163840 bytes
24540: 12:04:49.552 - No RTT ACK adjustment timeout
24540: 12:04:49.553 - About to load application: Master from Photon.LoadBalancing
24540: 12:04:49.553 - Application Root Directory: "LoadBalancing"
24540: 12:04:49.553 - Auto restart is enabled for application, existing connections will be terminated during restart
24540: 12:04:49.553 - Application will restart 1000ms after the last change detected
24540: 12:04:49.553 - Application will restart if files matching the following are changed: "dll;config"
24540: 12:04:49.553 - Application will NOT restart if files matching the following are changed: "log4net.config"
24540: 12:04:49.558 - *******************************************************************************************************************************
24540: 12:04:49.558 -  Using CustomAssemblyLoader:
24540: 12:04:49.558 -    PhotonSocketServer.exe is not located in the sub-dir-tree of the configured CLRbaseDirectory 'C:\Users\Jared\Documents\rage\it-alert\Server\src-server'.
24540: 12:04:49.558 -    Setting CLRbaseDirectory to 'C:\Users\Jared\Documents\rage\it-alert\Server\deploy\bin_Win32'
24540: 12:04:49.558 -    WARNING: Your Application logs might be found beside the Photon logs - to fix this check the log4net samples in the demos.
24540: 12:04:49.558 -    WARNING: Code using AppDomain.CurrentDomain.BaseDirectory, should use ApplicationBase.ApplicationRootPath instead.
24540: 12:04:49.558 - *******************************************************************************************************************************
24540: 12:04:50.032 - Taking reference on default app domain
24540: 12:04:50.157 - Application: "Master" started in app domain: 2
24540: 12:04:50.157 - About to load application: Game from Photon.LoadBalancing
24540: 12:04:50.157 - Application Root Directory: "LoadBalancing"
24540: 12:04:50.157 - Auto restart is enabled for application, existing connections will be terminated during restart
24540: 12:04:50.157 - Application will restart 1000ms after the last change detected
24540: 12:04:50.157 - Application will restart if files matching the following are changed: "dll;config"
24540: 12:04:50.157 - Application will NOT restart if files matching the following are changed: "log4net.config"
24540: 12:04:50.164 - *******************************************************************************************************************************
24540: 12:04:50.164 -  Using CustomAssemblyLoader:
24540: 12:04:50.164 -    PhotonSocketServer.exe is not located in the sub-dir-tree of the configured CLRbaseDirectory 'C:\Users\Jared\Documents\rage\it-alert\Server\src-server'.
24540: 12:04:50.164 -    Setting CLRbaseDirectory to 'C:\Users\Jared\Documents\rage\it-alert\Server\deploy\bin_Win32'
24540: 12:04:50.164 -    WARNING: Your Application logs might be found beside the Photon logs - to fix this check the log4net samples in the demos.
24540: 12:04:50.164 -    WARNING: Code using AppDomain.CurrentDomain.BaseDirectory, should use ApplicationBase.ApplicationRootPath instead.
24540: 12:04:50.164 - *******************************************************************************************************************************
24540: 12:04:50.661 - Taking reference on default app domain
24540: 12:04:50.815 - Application: "Game" started in app domain: 3
24540: 12:04:50.815 - Adding TCP listener on: 0.0.0.0: 4530 with a listen backlog of: 150
24540: 12:04:50.815 - TCP inactivity timeout: 10000ms
24540: 12:04:50.815 - TCP disconnect timeout: 120000ms
24540: 12:04:50.815 - MaxInboundMessageSize: 512000
24540: 12:04:50.815 - MaxOutboundMessageSize: 512000
24540: 12:04:50.815 - Forcing all applications ids to: "Master"
24540: 12:04:50.816 - Serving policy file requests from: "C:\Users\Jared\Documents\rage\it-alert\Server\deploy\Policy\assets\socket-policy.xml"
24540: 12:04:50.816 - Adding TCP listener on: 0.0.0.0: 4531 with a listen backlog of: 150
24540: 12:04:50.816 - TCP inactivity timeout: 10000ms
24540: 12:04:50.816 - TCP disconnect timeout: 120000ms
24540: 12:04:50.816 - MaxInboundMessageSize: 512000
24540: 12:04:50.816 - MaxOutboundMessageSize: 512000
24540: 12:04:50.816 - Forcing all applications ids to: "Game"
24540: 12:04:50.816 - Serving policy file requests from: "C:\Users\Jared\Documents\rage\it-alert\Server\deploy\Policy\assets\socket-policy.xml"
24540: 12:04:50.816 - Adding TCP listener on: 0.0.0.0: 4520 with a listen backlog of: 150
24540: 12:04:50.816 - TCP inactivity timeout: 5000ms
24540: 12:04:50.816 - TCP disconnect timeout: 120000ms
24540: 12:04:50.816 - MaxInboundMessageSize: 512000
24540: 12:04:50.816 - MaxOutboundMessageSize: 512000
24540: 12:04:50.816 - Forcing all applications ids to: "Master"
24540: 12:04:50.816 - MaxInboundMessageSize: 512000
24540: 12:04:50.816 - MaxOutboundMessageSize: 512000
24540: 12:04:50.816 - UDP address specified as: "0.0.0.0" adding listener to each available IPv4 address
24540: 12:04:50.821 - Adding UDP listener on: 10.0.75.1: 5055 with a listen backlog of: 500
24540: 12:04:50.822 - Adding UDP listener on: 10.0.0.14: 5055 with a listen backlog of: 500
24540: 12:04:50.822 - Adding UDP listener on: 127.0.0.1: 5055 with a listen backlog of: 500
24540: 12:04:50.822 - Forcing all applications ids to: "Game"
24540: 12:04:50.822 - MaxInboundMessageSize: 512000
24540: 12:04:50.822 - MaxOutboundMessageSize: 512000
24540: 12:04:50.822 - UDP address specified as: "0.0.0.0" adding listener to each available IPv4 address
24540: 12:04:50.827 - Adding UDP listener on: 10.0.75.1: 5056 with a listen backlog of: 500
24540: 12:04:50.827 - Adding UDP listener on: 10.0.0.14: 5056 with a listen backlog of: 500
24540: 12:04:50.827 - Adding UDP listener on: 127.0.0.1: 5056 with a listen backlog of: 500
24540: 12:04:50.827 - Adding WebSocket TCP listener on: 0.0.0.0: 9090 with a listen backlog of: 150
24540: 12:04:50.827 - Nagle disabled
24540: 12:04:50.827 - TCP inactivity timeout: 10000ms
24540: 12:04:50.827 - MaxInboundMessageSize: 512000
24540: 12:04:50.827 - MaxOutboundMessageSize: 512000
24540: 12:04:50.827 - Forcing all applications ids to: "Master"
24540: 12:04:50.827 - Will accept ANY sub-protocols from the client
24540: 12:04:50.827 - No automatic WebSocket ping
24540: 12:04:50.827 - Adding WebSocket TCP listener on: 0.0.0.0: 9091 with a listen backlog of: 150
24540: 12:04:50.827 - Nagle disabled
24540: 12:04:50.828 - TCP inactivity timeout: 10000ms
24540: 12:04:50.828 - MaxInboundMessageSize: 512000
24540: 12:04:50.828 - MaxOutboundMessageSize: 512000
24540: 12:04:50.828 - Forcing all applications ids to: "Game"
24540: 12:04:50.828 - Will accept ANY sub-protocols from the client
24540: 12:04:50.828 - No automatic WebSocket ping
24540: 12:04:50.828 - Adding Policy File listener on: 0.0.0.0: 843 with a listen backlog of: 150 and serving Policy File: "C:\Users\Jared\Documents\rage\it-alert\Server\deploy\Policy\assets\socket-policy.xml"
24540: 12:04:50.828 - TCP inactivity timeout: 10000ms
24540: 12:04:50.829 - Adding Policy File listener on: 0.0.0.0: 943 with a listen backlog of: 150 and serving Policy File: "C:\Users\Jared\Documents\rage\it-alert\Server\deploy\Policy\assets\socket-policy-silverlight.xml"
24540: 12:04:50.829 - TCP inactivity timeout: 10000ms
24540: 12:04:51.002 - Service is running...
